[2021-03-03 20:19:48,994] multiqc                                            [DEBUG  ]  No MultiQC config found: /Applications/miniconda3/lib/python3.8/site-packages/multiqc_config.yaml
[2021-03-03 20:19:48,994] multiqc                                            [DEBUG  ]  No MultiQC config found: /Users/meganewing/.multiqc_config.yaml
[2021-03-03 20:19:48,994] multiqc                                            [DEBUG  ]  No MultiQC config found: multiqc_config.yaml
[2021-03-03 20:19:48,994] multiqc                                            [DEBUG  ]  Command used: /Applications/miniconda3/bin/multiqc .
[2021-03-03 20:19:50,832] multiqc                                            [DEBUG  ]  Latest MultiQC version is v1.9
[2021-03-03 20:19:50,832] multiqc                                            [INFO   ]  This is MultiQC v1.9
[2021-03-03 20:19:50,832] multiqc                                            [DEBUG  ]  Command     : /Applications/miniconda3/bin/multiqc .
[2021-03-03 20:19:50,833] multiqc                                            [DEBUG  ]  Working dir : /Volumes/Samsung USB/Megan-project/analyses/step4-multiqc
[2021-03-03 20:19:50,833] multiqc                                            [INFO   ]  Template    : default
[2021-03-03 20:19:50,833] multiqc                                            [DEBUG  ]  Running Python 3.8.5 (default, Sep  4 2020, 02:22:02)  [Clang 10.0.0 ]
[2021-03-03 20:19:50,833] multiqc                                            [INFO   ]  Searching   : /Volumes/Samsung USB/Megan-project/analyses/step4-multiqc
[2021-03-03 20:19:50,834] multiqc                                            [DEBUG  ]  Analysing modules: custom_content, conpair, peddy, somalier, methylQA, mosdepth, phantompeakqualtools, qualimap, preseq, quast, qorts, rna_seqc, rockhopper, rsem, rseqc, busco, goleft_indexcov, disambiguate, supernova, deeptools, sargasso, verifybamid, mirtrace, happy, mirtop, homer, macs2, theta2, snpeff, gatk, htseq, bcftools, featureCounts, fgbio, dragen, dedup, damageprofiler, biobambam2, mtnucratio, picard, prokka, samblaster, samtools, sexdeterrmine, bamtools, jellyfish, vcftools, longranger, stacks, varscan2, bbmap, bismark, biscuit, hicexplorer, hicup, hicpro, salmon, kallisto, slamdunk, star, hisat2, tophat, bowtie2, bowtie1, snpsplit, kat, leehom, adapterRemoval, clipandmerge, cutadapt, flexbar, kaiju, kraken, malt, trimmomatic, sickle, skewer, sortmerna, biobloomtools, fastq_screen, afterqc, fastp, fastqc, pycoqc, minionqc, multivcfanalyzer, clusterflow, bcl2fastq, interop, ivar, flash, seqyclean
[2021-03-03 20:19:50,834] multiqc                                            [DEBUG  ]  Using temporary directory for creating report: /var/folders/85/99rptt5134j6zv5bzlvs7k340000gn/T/tmp48rjet2g
[2021-03-03 20:19:51,002] multiqc                                            [DEBUG  ]  File ignored by hicexplorer because it exceeded search pattern filesize limit: 17104-02RT-01-10_S18_L002_R1_001_fastqc.html
[2021-03-03 20:19:51,005] multiqc                                            [DEBUG  ]  File ignored by longranger/invocation because it exceeded search pattern filesize limit: 17104-02RT-01-10_S18_L002_R1_001_fastqc.html
[2021-03-03 20:19:51,043] multiqc                                            [DEBUG  ]  File ignored by hicexplorer because it exceeded search pattern filesize limit: 17104-02RT-01-10_S18_L002_R2_001_fastqc.html
[2021-03-03 20:19:51,045] multiqc                                            [DEBUG  ]  File ignored by longranger/invocation because it exceeded search pattern filesize limit: 17104-02RT-01-10_S18_L002_R2_001_fastqc.html
[2021-03-03 20:19:51,078] multiqc                                            [DEBUG  ]  File ignored by hicexplorer because it exceeded search pattern filesize limit: 17104-02RT-01-11_S19_L002_R1_001_fastqc.html
[2021-03-03 20:19:51,081] multiqc                                            [DEBUG  ]  File ignored by longranger/invocation because it exceeded search pattern filesize limit: 17104-02RT-01-11_S19_L002_R1_001_fastqc.html
[2021-03-03 20:19:51,117] multiqc                                            [DEBUG  ]  File ignored by hicexplorer because it exceeded search pattern filesize limit: 17104-02RT-01-11_S19_L002_R2_001_fastqc.html
[2021-03-03 20:19:51,119] multiqc                                            [DEBUG  ]  File ignored by longranger/invocation because it exceeded search pattern filesize limit: 17104-02RT-01-11_S19_L002_R2_001_fastqc.html
[2021-03-03 20:19:51,154] multiqc                                            [DEBUG  ]  File ignored by hicexplorer because it exceeded search pattern filesize limit: 17104-02RT-01-13_S21_L002_R2_001_fastqc.html
[2021-03-03 20:19:51,157] multiqc                                            [DEBUG  ]  File ignored by longranger/invocation because it exceeded search pattern filesize limit: 17104-02RT-01-13_S21_L002_R2_001_fastqc.html
[2021-03-03 20:19:51,193] multiqc                                            [DEBUG  ]  File ignored by hicexplorer because it exceeded search pattern filesize limit: 17104-02RT-01-13_S21_L003_R1_001_fastqc.html
[2021-03-03 20:19:51,195] multiqc                                            [DEBUG  ]  File ignored by longranger/invocation because it exceeded search pattern filesize limit: 17104-02RT-01-13_S21_L003_R1_001_fastqc.html
[2021-03-03 20:19:51,227] multiqc                                            [DEBUG  ]  File ignored by hicexplorer because it exceeded search pattern filesize limit: 17104-02RT-01-13_S21_L003_R2_001_fastqc.html
[2021-03-03 20:19:51,229] multiqc                                            [DEBUG  ]  File ignored by longranger/invocation because it exceeded search pattern filesize limit: 17104-02RT-01-13_S21_L003_R2_001_fastqc.html
[2021-03-03 20:19:51,262] multiqc                                            [DEBUG  ]  File ignored by hicexplorer because it exceeded search pattern filesize limit: 17104-02RT-01-14_S22_L002_R1_001_fastqc.html
[2021-03-03 20:19:51,264] multiqc                                            [DEBUG  ]  File ignored by longranger/invocation because it exceeded search pattern filesize limit: 17104-02RT-01-14_S22_L002_R1_001_fastqc.html
[2021-03-03 20:19:51,299] multiqc                                            [DEBUG  ]  File ignored by hicexplorer because it exceeded search pattern filesize limit: 17104-02RT-01-7_S15_L002_R2_001_fastqc.html
[2021-03-03 20:19:51,300] multiqc                                            [DEBUG  ]  File ignored by longranger/invocation because it exceeded search pattern filesize limit: 17104-02RT-01-7_S15_L002_R2_001_fastqc.html
[2021-03-03 20:19:51,333] multiqc                                            [DEBUG  ]  File ignored by hicexplorer because it exceeded search pattern filesize limit: 17104-02RT-01-7_S15_L003_R1_001_fastqc.html
[2021-03-03 20:19:51,335] multiqc                                            [DEBUG  ]  File ignored by longranger/invocation because it exceeded search pattern filesize limit: 17104-02RT-01-7_S15_L003_R1_001_fastqc.html
[2021-03-03 20:19:51,369] multiqc                                            [DEBUG  ]  File ignored by hicexplorer because it exceeded search pattern filesize limit: 17104-02RT-01-7_S15_L003_R2_001_fastqc.html
[2021-03-03 20:19:51,372] multiqc                                            [DEBUG  ]  File ignored by longranger/invocation because it exceeded search pattern filesize limit: 17104-02RT-01-7_S15_L003_R2_001_fastqc.html
[2021-03-03 20:19:51,409] multiqc                                            [DEBUG  ]  File ignored by hicexplorer because it exceeded search pattern filesize limit: 17104-02RT-01-8_S16_L002_R1_001_fastqc.html
[2021-03-03 20:19:51,411] multiqc                                            [DEBUG  ]  File ignored by longranger/invocation because it exceeded search pattern filesize limit: 17104-02RT-01-8_S16_L002_R1_001_fastqc.html
[2021-03-03 20:19:51,444] multiqc                                            [DEBUG  ]  File ignored by hicexplorer because it exceeded search pattern filesize limit: 17104-02RT-01-8_S16_L002_R2_001_fastqc.html
[2021-03-03 20:19:51,446] multiqc                                            [DEBUG  ]  File ignored by longranger/invocation because it exceeded search pattern filesize limit: 17104-02RT-01-8_S16_L002_R2_001_fastqc.html
[2021-03-03 20:19:51,480] multiqc                                            [DEBUG  ]  File ignored by hicexplorer because it exceeded search pattern filesize limit: 17104-02RT-01-8_S16_L003_R1_001_fastqc.html
[2021-03-03 20:19:51,482] multiqc                                            [DEBUG  ]  File ignored by longranger/invocation because it exceeded search pattern filesize limit: 17104-02RT-01-8_S16_L003_R1_001_fastqc.html
[2021-03-03 20:19:51,521] multiqc                                            [DEBUG  ]  File ignored by hicexplorer because it exceeded search pattern filesize limit: 17104-02RT-01-8_S16_L003_R2_001_fastqc.html
[2021-03-03 20:19:51,523] multiqc                                            [DEBUG  ]  File ignored by longranger/invocation because it exceeded search pattern filesize limit: 17104-02RT-01-8_S16_L003_R2_001_fastqc.html
[2021-03-03 20:19:52,162] multiqc.plots.bargraph                             [DEBUG  ]  Using matplotlib version 3.2.2
[2021-03-03 20:19:52,163] multiqc.plots.linegraph                            [DEBUG  ]  Using matplotlib version 3.2.2
[2021-03-03 20:19:52,169] multiqc                                            [DEBUG  ]  No samples found: custom_content
[2021-03-03 20:19:52,174] multiqc                                            [DEBUG  ]  No samples found: conpair
[2021-03-03 20:19:52,181] multiqc                                            [DEBUG  ]  No samples found: peddy
[2021-03-03 20:19:52,209] multiqc                                            [DEBUG  ]  No samples found: somalier
[2021-03-03 20:19:52,215] multiqc                                            [DEBUG  ]  No samples found: methylQA
[2021-03-03 20:19:52,226] multiqc                                            [DEBUG  ]  No samples found: mosdepth
[2021-03-03 20:19:52,231] multiqc                                            [DEBUG  ]  No samples found: phantompeakqualtools
[2021-03-03 20:19:52,235] multiqc                                            [DEBUG  ]  No samples found: qualimap
[2021-03-03 20:19:52,240] multiqc                                            [DEBUG  ]  No samples found: preseq
[2021-03-03 20:19:52,245] multiqc                                            [DEBUG  ]  No samples found: quast
[2021-03-03 20:19:52,251] multiqc                                            [DEBUG  ]  No samples found: qorts
[2021-03-03 20:19:52,255] multiqc                                            [DEBUG  ]  No samples found: rna_seqc
[2021-03-03 20:19:52,262] multiqc                                            [DEBUG  ]  No samples found: rockhopper
[2021-03-03 20:19:52,267] multiqc                                            [DEBUG  ]  No samples found: rsem
[2021-03-03 20:19:52,283] multiqc                                            [DEBUG  ]  No samples found: rseqc
[2021-03-03 20:19:52,287] multiqc                                            [DEBUG  ]  No samples found: busco
[2021-03-03 20:19:52,293] multiqc                                            [DEBUG  ]  No samples found: goleft_indexcov
[2021-03-03 20:19:52,298] multiqc                                            [DEBUG  ]  No samples found: disambiguate
[2021-03-03 20:19:52,304] multiqc                                            [DEBUG  ]  No samples found: supernova
[2021-03-03 20:19:52,318] multiqc                                            [DEBUG  ]  No samples found: deeptools
[2021-03-03 20:19:52,323] multiqc                                            [DEBUG  ]  No samples found: sargasso
[2021-03-03 20:19:52,328] multiqc                                            [DEBUG  ]  No samples found: verifybamid
[2021-03-03 20:19:52,333] multiqc                                            [DEBUG  ]  No samples found: mirtrace
[2021-03-03 20:19:52,340] multiqc                                            [DEBUG  ]  No samples found: happy
[2021-03-03 20:19:52,346] multiqc                                            [DEBUG  ]  No samples found: mirtop
[2021-03-03 20:19:52,354] multiqc                                            [DEBUG  ]  No samples found: homer
[2021-03-03 20:19:52,363] multiqc                                            [DEBUG  ]  No samples found: macs2
[2021-03-03 20:19:52,370] multiqc                                            [DEBUG  ]  No samples found: theta2
[2021-03-03 20:19:52,377] multiqc                                            [DEBUG  ]  No samples found: snpeff
[2021-03-03 20:19:52,385] multiqc                                            [DEBUG  ]  No samples found: gatk
[2021-03-03 20:19:52,389] multiqc                                            [DEBUG  ]  No samples found: htseq
[2021-03-03 20:19:52,395] multiqc                                            [DEBUG  ]  No samples found: bcftools
[2021-03-03 20:19:52,401] multiqc                                            [DEBUG  ]  No samples found: featureCounts
[2021-03-03 20:19:52,407] multiqc                                            [DEBUG  ]  No samples found: fgbio
[2021-03-03 20:19:52,437] multiqc                                            [DEBUG  ]  No samples found: dragen
[2021-03-03 20:19:52,451] multiqc                                            [DEBUG  ]  No samples found: dedup
[2021-03-03 20:19:52,471] multiqc                                            [DEBUG  ]  No samples found: damageprofiler
[2021-03-03 20:19:52,540] multiqc                                            [DEBUG  ]  No samples found: biobambam2
[2021-03-03 20:19:52,544] multiqc                                            [DEBUG  ]  No samples found: mtnucratio
[2021-03-03 20:19:52,547] multiqc                                            [DEBUG  ]  No samples found: picard
[2021-03-03 20:19:52,551] multiqc                                            [DEBUG  ]  No samples found: prokka
[2021-03-03 20:19:52,555] multiqc                                            [DEBUG  ]  No samples found: samblaster
[2021-03-03 20:19:52,563] multiqc                                            [DEBUG  ]  No samples found: samtools
[2021-03-03 20:19:52,568] multiqc                                            [DEBUG  ]  No samples found: sexdeterrmine
[2021-03-03 20:19:52,573] multiqc                                            [DEBUG  ]  No samples found: bamtools
[2021-03-03 20:19:52,580] multiqc                                            [DEBUG  ]  No samples found: jellyfish
[2021-03-03 20:19:52,588] multiqc                                            [DEBUG  ]  No samples found: vcftools
[2021-03-03 20:19:52,593] multiqc                                            [DEBUG  ]  No samples found: longranger
[2021-03-03 20:19:52,597] multiqc                                            [DEBUG  ]  No samples found: stacks
[2021-03-03 20:19:52,603] multiqc                                            [DEBUG  ]  No samples found: varscan2
[2021-03-03 20:19:52,622] multiqc                                            [DEBUG  ]  No samples found: bbmap
[2021-03-03 20:19:52,627] multiqc                                            [DEBUG  ]  No samples found: bismark
[2021-03-03 20:19:52,632] multiqc                                            [DEBUG  ]  No samples found: biscuit
[2021-03-03 20:19:52,636] multiqc                                            [DEBUG  ]  No samples found: hicexplorer
[2021-03-03 20:19:52,640] multiqc                                            [DEBUG  ]  No samples found: hicup
[2021-03-03 20:19:52,645] multiqc                                            [DEBUG  ]  No samples found: hicpro
[2021-03-03 20:19:52,651] multiqc                                            [DEBUG  ]  No samples found: salmon
[2021-03-03 20:19:52,655] multiqc                                            [DEBUG  ]  No samples found: kallisto
[2021-03-03 20:19:52,660] multiqc                                            [DEBUG  ]  No samples found: slamdunk
[2021-03-03 20:19:52,665] multiqc                                            [DEBUG  ]  No samples found: star
[2021-03-03 20:19:52,670] multiqc                                            [DEBUG  ]  No samples found: hisat2
[2021-03-03 20:19:52,675] multiqc                                            [DEBUG  ]  No samples found: tophat
[2021-03-03 20:19:52,680] multiqc                                            [DEBUG  ]  No samples found: bowtie2
[2021-03-03 20:19:52,685] multiqc                                            [DEBUG  ]  No samples found: bowtie1
[2021-03-03 20:19:52,689] multiqc                                            [DEBUG  ]  No samples found: snpsplit
[2021-03-03 20:19:52,693] multiqc                                            [DEBUG  ]  No samples found: kat
[2021-03-03 20:19:52,699] multiqc                                            [DEBUG  ]  No samples found: leehom
[2021-03-03 20:19:52,708] multiqc                                            [DEBUG  ]  No samples found: adapterRemoval
[2021-03-03 20:19:52,728] multiqc                                            [DEBUG  ]  No samples found: clipandmerge
[2021-03-03 20:19:52,734] multiqc                                            [DEBUG  ]  No samples found: cutadapt
[2021-03-03 20:19:52,739] multiqc                                            [DEBUG  ]  No samples found: flexbar
[2021-03-03 20:19:52,745] multiqc                                            [DEBUG  ]  No samples found: kaiju
[2021-03-03 20:19:52,751] multiqc                                            [DEBUG  ]  No samples found: kraken
[2021-03-03 20:19:52,756] multiqc                                            [DEBUG  ]  No samples found: malt
[2021-03-03 20:19:52,760] multiqc                                            [DEBUG  ]  No samples found: trimmomatic
[2021-03-03 20:19:52,765] multiqc                                            [DEBUG  ]  No samples found: sickle
[2021-03-03 20:19:52,769] multiqc                                            [DEBUG  ]  No samples found: skewer
[2021-03-03 20:19:52,773] multiqc                                            [DEBUG  ]  No samples found: sortmerna
[2021-03-03 20:19:52,778] multiqc                                            [DEBUG  ]  No samples found: biobloomtools
[2021-03-03 20:19:52,782] multiqc                                            [DEBUG  ]  No samples found: fastq_screen
[2021-03-03 20:19:52,786] multiqc                                            [DEBUG  ]  No samples found: afterqc
[2021-03-03 20:19:52,791] multiqc                                            [DEBUG  ]  No samples found: fastp
[2021-03-03 20:19:53,019] multiqc.modules.fastqc.fastqc                      [INFO   ]  Found 15 reports
[2021-03-03 20:19:53,145] multiqc                                            [DEBUG  ]  No samples found: pycoqc
[2021-03-03 20:19:53,149] multiqc                                            [DEBUG  ]  No samples found: minionqc
[2021-03-03 20:19:53,153] multiqc                                            [DEBUG  ]  No samples found: multivcfanalyzer
[2021-03-03 20:19:53,159] multiqc                                            [DEBUG  ]  No samples found: clusterflow
[2021-03-03 20:19:53,163] multiqc                                            [DEBUG  ]  No samples found: bcl2fastq
[2021-03-03 20:19:53,166] multiqc                                            [DEBUG  ]  No samples found: interop
[2021-03-03 20:19:53,171] multiqc                                            [DEBUG  ]  No samples found: ivar
[2021-03-03 20:19:53,175] multiqc                                            [DEBUG  ]  No samples found: flash
[2021-03-03 20:19:53,182] multiqc                                            [DEBUG  ]  No samples found: seqyclean
[2021-03-03 20:19:53,199] multiqc                                            [INFO   ]  Compressing plot data
[2021-03-03 20:19:53,484] multiqc                                            [INFO   ]  Report      : multiqc_report.html
[2021-03-03 20:19:53,484] multiqc                                            [INFO   ]  Data        : multiqc_data
[2021-03-03 20:19:53,484] multiqc                                            [DEBUG  ]  Moving data file from '/var/folders/85/99rptt5134j6zv5bzlvs7k340000gn/T/tmp48rjet2g/multiqc_data' to '/Volumes/Samsung USB/Megan-project/analyses/step4-multiqc/multiqc_data'
[2021-03-03 20:19:53,691] multiqc                                            [INFO   ]  MultiQC complete
