[2021-02-24 14:54:14,601] multiqc                                            [DEBUG  ]  No MultiQC config found: /Applications/miniconda3/lib/python3.8/site-packages/multiqc_config.yaml
[2021-02-24 14:54:14,601] multiqc                                            [DEBUG  ]  No MultiQC config found: /Users/meganewing/.multiqc_config.yaml
[2021-02-24 14:54:14,601] multiqc                                            [DEBUG  ]  No MultiQC config found: multiqc_config.yaml
[2021-02-24 14:54:14,601] multiqc                                            [DEBUG  ]  Command used: /Applications/miniconda3/bin/multiqc .
[2021-02-24 14:54:16,205] multiqc                                            [DEBUG  ]  Latest MultiQC version is v1.9
[2021-02-24 14:54:16,205] multiqc                                            [INFO   ]  This is MultiQC v1.9
[2021-02-24 14:54:16,205] multiqc                                            [DEBUG  ]  Command     : /Applications/miniconda3/bin/multiqc .
[2021-02-24 14:54:16,206] multiqc                                            [DEBUG  ]  Working dir : /Volumes/Samsung USB/Megan-project/analyses/0224-multiqc
[2021-02-24 14:54:16,206] multiqc                                            [INFO   ]  Template    : default
[2021-02-24 14:54:16,206] multiqc                                            [DEBUG  ]  Running Python 3.8.5 (default, Sep  4 2020, 02:22:02)  [Clang 10.0.0 ]
[2021-02-24 14:54:16,206] multiqc                                            [INFO   ]  Searching   : /Volumes/Samsung USB/Megan-project/analyses/0224-multiqc
[2021-02-24 14:54:16,206] multiqc                                            [DEBUG  ]  Analysing modules: custom_content, conpair, peddy, somalier, methylQA, mosdepth, phantompeakqualtools, qualimap, preseq, quast, qorts, rna_seqc, rockhopper, rsem, rseqc, busco, goleft_indexcov, disambiguate, supernova, deeptools, sargasso, verifybamid, mirtrace, happy, mirtop, homer, macs2, theta2, snpeff, gatk, htseq, bcftools, featureCounts, fgbio, dragen, dedup, damageprofiler, biobambam2, mtnucratio, picard, prokka, samblaster, samtools, sexdeterrmine, bamtools, jellyfish, vcftools, longranger, stacks, varscan2, bbmap, bismark, biscuit, hicexplorer, hicup, hicpro, salmon, kallisto, slamdunk, star, hisat2, tophat, bowtie2, bowtie1, snpsplit, kat, leehom, adapterRemoval, clipandmerge, cutadapt, flexbar, kaiju, kraken, malt, trimmomatic, sickle, skewer, sortmerna, biobloomtools, fastq_screen, afterqc, fastp, fastqc, pycoqc, minionqc, multivcfanalyzer, clusterflow, bcl2fastq, interop, ivar, flash, seqyclean
[2021-02-24 14:54:16,206] multiqc                                            [DEBUG  ]  Using temporary directory for creating report: /var/folders/85/99rptt5134j6zv5bzlvs7k340000gn/T/tmpswkthrcn
[2021-02-24 14:54:16,353] multiqc                                            [DEBUG  ]  File ignored by hicexplorer because it exceeded search pattern filesize limit: 17104-02RT-01-13_S21_L002_R2_001_fastqc.html
[2021-02-24 14:54:16,356] multiqc                                            [DEBUG  ]  File ignored by longranger/invocation because it exceeded search pattern filesize limit: 17104-02RT-01-13_S21_L002_R2_001_fastqc.html
[2021-02-24 14:54:16,390] multiqc                                            [DEBUG  ]  File ignored by hicexplorer because it exceeded search pattern filesize limit: 17104-02RT-01-13_S21_L003_R1_001_fastqc.html
[2021-02-24 14:54:16,392] multiqc                                            [DEBUG  ]  File ignored by longranger/invocation because it exceeded search pattern filesize limit: 17104-02RT-01-13_S21_L003_R1_001_fastqc.html
[2021-02-24 14:54:16,423] multiqc                                            [DEBUG  ]  File ignored by hicexplorer because it exceeded search pattern filesize limit: 17104-02RT-01-13_S21_L003_R2_001_fastqc.html
[2021-02-24 14:54:16,425] multiqc                                            [DEBUG  ]  File ignored by longranger/invocation because it exceeded search pattern filesize limit: 17104-02RT-01-13_S21_L003_R2_001_fastqc.html
[2021-02-24 14:54:16,453] multiqc                                            [DEBUG  ]  File ignored by hicexplorer because it exceeded search pattern filesize limit: 17104-02RT-01-14_S22_L002_R1_001_fastqc.html
[2021-02-24 14:54:16,455] multiqc                                            [DEBUG  ]  File ignored by longranger/invocation because it exceeded search pattern filesize limit: 17104-02RT-01-14_S22_L002_R1_001_fastqc.html
[2021-02-24 14:54:16,485] multiqc                                            [DEBUG  ]  File ignored by longranger/invocation because it exceeded search pattern filesize limit: ._17104-02RT-01-14_S22_L002_R1_001_fastqc.html
[2021-02-24 14:54:20,494] multiqc.plots.bargraph                             [DEBUG  ]  Using matplotlib version 3.2.2
[2021-02-24 14:54:20,495] multiqc.plots.linegraph                            [DEBUG  ]  Using matplotlib version 3.2.2
[2021-02-24 14:54:20,497] multiqc                                            [DEBUG  ]  No samples found: custom_content
[2021-02-24 14:54:20,502] multiqc                                            [DEBUG  ]  No samples found: conpair
[2021-02-24 14:54:20,508] multiqc                                            [DEBUG  ]  No samples found: peddy
[2021-02-24 14:54:20,514] multiqc                                            [DEBUG  ]  No samples found: somalier
[2021-02-24 14:54:20,519] multiqc                                            [DEBUG  ]  No samples found: methylQA
[2021-02-24 14:54:20,532] multiqc                                            [DEBUG  ]  No samples found: mosdepth
[2021-02-24 14:54:20,536] multiqc                                            [DEBUG  ]  No samples found: phantompeakqualtools
[2021-02-24 14:54:20,540] multiqc                                            [DEBUG  ]  No samples found: qualimap
[2021-02-24 14:54:20,544] multiqc                                            [DEBUG  ]  No samples found: preseq
[2021-02-24 14:54:20,548] multiqc                                            [DEBUG  ]  No samples found: quast
[2021-02-24 14:54:20,552] multiqc                                            [DEBUG  ]  No samples found: qorts
[2021-02-24 14:54:20,557] multiqc                                            [DEBUG  ]  No samples found: rna_seqc
[2021-02-24 14:54:20,561] multiqc                                            [DEBUG  ]  No samples found: rockhopper
[2021-02-24 14:54:20,565] multiqc                                            [DEBUG  ]  No samples found: rsem
[2021-02-24 14:54:20,578] multiqc                                            [DEBUG  ]  No samples found: rseqc
[2021-02-24 14:54:20,582] multiqc                                            [DEBUG  ]  No samples found: busco
[2021-02-24 14:54:20,587] multiqc                                            [DEBUG  ]  No samples found: goleft_indexcov
[2021-02-24 14:54:20,592] multiqc                                            [DEBUG  ]  No samples found: disambiguate
[2021-02-24 14:54:20,603] multiqc                                            [DEBUG  ]  No samples found: supernova
[2021-02-24 14:54:20,617] multiqc                                            [DEBUG  ]  No samples found: deeptools
[2021-02-24 14:54:20,621] multiqc                                            [DEBUG  ]  No samples found: sargasso
[2021-02-24 14:54:20,625] multiqc                                            [DEBUG  ]  No samples found: verifybamid
[2021-02-24 14:54:20,630] multiqc                                            [DEBUG  ]  No samples found: mirtrace
[2021-02-24 14:54:20,634] multiqc                                            [DEBUG  ]  No samples found: happy
[2021-02-24 14:54:20,638] multiqc                                            [DEBUG  ]  No samples found: mirtop
[2021-02-24 14:54:20,644] multiqc                                            [DEBUG  ]  No samples found: homer
[2021-02-24 14:54:20,649] multiqc                                            [DEBUG  ]  No samples found: macs2
[2021-02-24 14:54:20,653] multiqc                                            [DEBUG  ]  No samples found: theta2
[2021-02-24 14:54:20,658] multiqc                                            [DEBUG  ]  No samples found: snpeff
[2021-02-24 14:54:20,665] multiqc                                            [DEBUG  ]  No samples found: gatk
[2021-02-24 14:54:20,669] multiqc                                            [DEBUG  ]  No samples found: htseq
[2021-02-24 14:54:20,674] multiqc                                            [DEBUG  ]  No samples found: bcftools
[2021-02-24 14:54:20,678] multiqc                                            [DEBUG  ]  No samples found: featureCounts
[2021-02-24 14:54:20,686] multiqc                                            [DEBUG  ]  No samples found: fgbio
[2021-02-24 14:54:20,704] multiqc                                            [DEBUG  ]  No samples found: dragen
[2021-02-24 14:54:20,709] multiqc                                            [DEBUG  ]  No samples found: dedup
[2021-02-24 14:54:20,714] multiqc                                            [DEBUG  ]  No samples found: damageprofiler
[2021-02-24 14:54:20,741] multiqc                                            [DEBUG  ]  No samples found: biobambam2
[2021-02-24 14:54:20,746] multiqc                                            [DEBUG  ]  No samples found: mtnucratio
[2021-02-24 14:54:20,749] multiqc                                            [DEBUG  ]  No samples found: picard
[2021-02-24 14:54:20,754] multiqc                                            [DEBUG  ]  No samples found: prokka
[2021-02-24 14:54:20,759] multiqc                                            [DEBUG  ]  No samples found: samblaster
[2021-02-24 14:54:20,769] multiqc                                            [DEBUG  ]  No samples found: samtools
[2021-02-24 14:54:20,773] multiqc                                            [DEBUG  ]  No samples found: sexdeterrmine
[2021-02-24 14:54:20,778] multiqc                                            [DEBUG  ]  No samples found: bamtools
[2021-02-24 14:54:20,782] multiqc                                            [DEBUG  ]  No samples found: jellyfish
[2021-02-24 14:54:20,790] multiqc                                            [DEBUG  ]  No samples found: vcftools
[2021-02-24 14:54:20,794] multiqc                                            [DEBUG  ]  No samples found: longranger
[2021-02-24 14:54:20,800] multiqc                                            [DEBUG  ]  No samples found: stacks
[2021-02-24 14:54:20,804] multiqc                                            [DEBUG  ]  No samples found: varscan2
[2021-02-24 14:54:20,820] multiqc                                            [DEBUG  ]  No samples found: bbmap
[2021-02-24 14:54:20,825] multiqc                                            [DEBUG  ]  No samples found: bismark
[2021-02-24 14:54:20,835] multiqc                                            [DEBUG  ]  No samples found: biscuit
[2021-02-24 14:54:20,839] multiqc                                            [DEBUG  ]  No samples found: hicexplorer
[2021-02-24 14:54:20,842] multiqc                                            [DEBUG  ]  No samples found: hicup
[2021-02-24 14:54:20,847] multiqc                                            [DEBUG  ]  No samples found: hicpro
[2021-02-24 14:54:20,851] multiqc                                            [DEBUG  ]  No samples found: salmon
[2021-02-24 14:54:20,855] multiqc                                            [DEBUG  ]  No samples found: kallisto
[2021-02-24 14:54:20,859] multiqc                                            [DEBUG  ]  No samples found: slamdunk
[2021-02-24 14:54:20,864] multiqc                                            [DEBUG  ]  No samples found: star
[2021-02-24 14:54:20,868] multiqc                                            [DEBUG  ]  No samples found: hisat2
[2021-02-24 14:54:20,873] multiqc                                            [DEBUG  ]  No samples found: tophat
[2021-02-24 14:54:20,877] multiqc                                            [DEBUG  ]  No samples found: bowtie2
[2021-02-24 14:54:20,881] multiqc                                            [DEBUG  ]  No samples found: bowtie1
[2021-02-24 14:54:20,886] multiqc                                            [DEBUG  ]  No samples found: snpsplit
[2021-02-24 14:54:20,890] multiqc                                            [DEBUG  ]  No samples found: kat
[2021-02-24 14:54:20,893] multiqc                                            [DEBUG  ]  No samples found: leehom
[2021-02-24 14:54:20,897] multiqc                                            [DEBUG  ]  No samples found: adapterRemoval
[2021-02-24 14:54:20,902] multiqc                                            [DEBUG  ]  No samples found: clipandmerge
[2021-02-24 14:54:20,906] multiqc                                            [DEBUG  ]  No samples found: cutadapt
[2021-02-24 14:54:20,910] multiqc                                            [DEBUG  ]  No samples found: flexbar
[2021-02-24 14:54:20,914] multiqc                                            [DEBUG  ]  No samples found: kaiju
[2021-02-24 14:54:20,919] multiqc                                            [DEBUG  ]  No samples found: kraken
[2021-02-24 14:54:20,923] multiqc                                            [DEBUG  ]  No samples found: malt
[2021-02-24 14:54:20,927] multiqc                                            [DEBUG  ]  No samples found: trimmomatic
[2021-02-24 14:54:20,932] multiqc                                            [DEBUG  ]  No samples found: sickle
[2021-02-24 14:54:20,937] multiqc                                            [DEBUG  ]  No samples found: skewer
[2021-02-24 14:54:20,942] multiqc                                            [DEBUG  ]  No samples found: sortmerna
[2021-02-24 14:54:20,946] multiqc                                            [DEBUG  ]  No samples found: biobloomtools
[2021-02-24 14:54:20,951] multiqc                                            [DEBUG  ]  No samples found: fastq_screen
[2021-02-24 14:54:20,955] multiqc                                            [DEBUG  ]  No samples found: afterqc
[2021-02-24 14:54:20,959] multiqc                                            [DEBUG  ]  No samples found: fastp
[2021-02-24 14:54:21,028] multiqc.modules.fastqc.fastqc                      [INFO   ]  Found 4 reports
[2021-02-24 14:54:21,089] multiqc                                            [DEBUG  ]  No samples found: pycoqc
[2021-02-24 14:54:21,094] multiqc                                            [DEBUG  ]  No samples found: minionqc
[2021-02-24 14:54:21,099] multiqc                                            [DEBUG  ]  No samples found: multivcfanalyzer
[2021-02-24 14:54:21,103] multiqc                                            [DEBUG  ]  No samples found: clusterflow
[2021-02-24 14:54:21,107] multiqc                                            [DEBUG  ]  No samples found: bcl2fastq
[2021-02-24 14:54:21,112] multiqc                                            [DEBUG  ]  No samples found: interop
[2021-02-24 14:54:21,118] multiqc                                            [DEBUG  ]  No samples found: ivar
[2021-02-24 14:54:21,121] multiqc                                            [DEBUG  ]  No samples found: flash
[2021-02-24 14:54:21,126] multiqc                                            [DEBUG  ]  No samples found: seqyclean
[2021-02-24 14:54:21,133] multiqc                                            [INFO   ]  Compressing plot data
[2021-02-24 14:54:21,214] multiqc                                            [INFO   ]  Report      : multiqc_report.html
[2021-02-24 14:54:21,215] multiqc                                            [INFO   ]  Data        : multiqc_data
[2021-02-24 14:54:21,215] multiqc                                            [DEBUG  ]  Moving data file from '/var/folders/85/99rptt5134j6zv5bzlvs7k340000gn/T/tmpswkthrcn/multiqc_data' to '/Volumes/Samsung USB/Megan-project/analyses/0224-multiqc/multiqc_data'
[2021-02-24 14:54:21,373] multiqc                                            [INFO   ]  MultiQC complete
